2022-04-20T08:19:54+00:00 CRITICAL Cannot redeclare wpl_owt_list_table_fn() (previously declared in /official/htdocs/wordpress-project/Unicode_project/wp-content/plugins/wp-list-table-master/wp-owt-list-table.php:18) in /official/htdocs/wordpress-project/Unicode_project/wp-content/plugins/my-wp-list-table/my_wp_list_table.php on line 18

2022-04-20T08:19:55+00:00 CRITICAL Cannot redeclare wpl_owt_list_table_fn() (previously declared in /official/htdocs/wordpress-project/Unicode_project/wp-content/plugins/wp-list-table-master/wp-owt-list-table.php:18) in /official/htdocs/wordpress-project/Unicode_project/wp-content/plugins/my-wp-list-table/my_wp_list_table.php on line 18

2022-04-20T08:19:55+00:00 CRITICAL Cannot redeclare wpl_owt_list_table_fn() (previously declared in /official/htdocs/wordpress-project/Unicode_project/wp-content/plugins/wp-list-table-master/wp-owt-list-table.php:18) in /official/htdocs/wordpress-project/Unicode_project/wp-content/plugins/my-wp-list-table/my_wp_list_table.php on line 18

2022-04-20T08:22:53+00:00 CRITICAL Cannot declare class OWTTableList, because the name is already in use in /official/htdocs/wordpress-project/Unicode_project/wp-content/plugins/wp-list-table-master/views/owt-table-list.php on line 0

2022-04-20T08:57:51+00:00 CRITICAL Cannot declare class OWTTableList, because the name is already in use in /official/htdocs/wordpress-project/Unicode_project/wp-content/plugins/wp-list-table-master/views/owt-table-list.php on line 0

2022-04-20T09:02:43+00:00 CRITICAL Cannot declare class OWTTableList, because the name is already in use in /official/htdocs/wordpress-project/Unicode_project/wp-content/plugins/wp-list-table-master/views/owt-table-list.php on line 0

2022-04-20T09:03:40+00:00 CRITICAL Cannot declare class OWTTableList, because the name is already in use in /official/htdocs/wordpress-project/Unicode_project/wp-content/plugins/wp-list-table-master/views/owt-table-list.php on line 0

2022-04-20T09:03:45+00:00 CRITICAL Cannot declare class OWTTableList, because the name is already in use in /official/htdocs/wordpress-project/Unicode_project/wp-content/plugins/wp-list-table-master/views/owt-table-list.php on line 0

2022-04-20T09:03:46+00:00 CRITICAL Cannot declare class OWTTableList, because the name is already in use in /official/htdocs/wordpress-project/Unicode_project/wp-content/plugins/wp-list-table-master/views/owt-table-list.php on line 0

2022-04-20T09:03:48+00:00 CRITICAL Cannot declare class OWTTableList, because the name is already in use in /official/htdocs/wordpress-project/Unicode_project/wp-content/plugins/wp-list-table-master/views/owt-table-list.php on line 0

2022-04-20T09:03:49+00:00 CRITICAL Cannot declare class OWTTableList, because the name is already in use in /official/htdocs/wordpress-project/Unicode_project/wp-content/plugins/wp-list-table-master/views/owt-table-list.php on line 0

2022-04-20T09:03:49+00:00 CRITICAL Cannot declare class OWTTableList, because the name is already in use in /official/htdocs/wordpress-project/Unicode_project/wp-content/plugins/wp-list-table-master/views/owt-table-list.php on line 0

2022-04-20T09:03:51+00:00 CRITICAL Cannot declare class OWTTableList, because the name is already in use in /official/htdocs/wordpress-project/Unicode_project/wp-content/plugins/wp-list-table-master/views/owt-table-list.php on line 0

2022-04-20T09:04:09+00:00 CRITICAL Cannot declare class OWTTableList, because the name is already in use in /official/htdocs/wordpress-project/Unicode_project/wp-content/plugins/wp-list-table-master/views/owt-table-list.php on line 0

2022-04-20T09:04:15+00:00 CRITICAL Cannot declare class OWTTableList, because the name is already in use in /official/htdocs/wordpress-project/Unicode_project/wp-content/plugins/wp-list-table-master/views/owt-table-list.php on line 0

2022-04-20T09:04:19+00:00 CRITICAL Cannot declare class OWTTableList, because the name is already in use in /official/htdocs/wordpress-project/Unicode_project/wp-content/plugins/wp-list-table-master/views/owt-table-list.php on line 0

2022-04-20T09:04:21+00:00 CRITICAL Cannot declare class OWTTableList, because the name is already in use in /official/htdocs/wordpress-project/Unicode_project/wp-content/plugins/wp-list-table-master/views/owt-table-list.php on line 0

2022-04-20T09:04:21+00:00 CRITICAL Cannot declare class OWTTableList, because the name is already in use in /official/htdocs/wordpress-project/Unicode_project/wp-content/plugins/wp-list-table-master/views/owt-table-list.php on line 18

2022-04-20T09:11:25+00:00 CRITICAL Cannot declare class OWTTableList, because the name is already in use in /official/htdocs/wordpress-project/Unicode_project/wp-content/plugins/wp-list-table-master/views/owt-table-list.php on line 0

2022-04-20T09:12:00+00:00 CRITICAL Cannot declare class OWTTableList, because the name is already in use in /official/htdocs/wordpress-project/Unicode_project/wp-content/plugins/wp-list-table-master/views/owt-table-list.php on line 0

2022-04-20T09:12:03+00:00 CRITICAL Cannot declare class OWTTableList, because the name is already in use in /official/htdocs/wordpress-project/Unicode_project/wp-content/plugins/wp-list-table-master/views/owt-table-list.php on line 0

2022-04-20T09:12:04+00:00 CRITICAL Cannot declare class OWTTableList, because the name is already in use in /official/htdocs/wordpress-project/Unicode_project/wp-content/plugins/wp-list-table-master/views/owt-table-list.php on line 0

2022-04-20T09:12:05+00:00 CRITICAL Cannot declare class OWTTableList, because the name is already in use in /official/htdocs/wordpress-project/Unicode_project/wp-content/plugins/wp-list-table-master/views/owt-table-list.php on line 0

2022-04-20T09:25:58+00:00 CRITICAL Cannot declare class OWTTableList, because the name is already in use in /official/htdocs/wordpress-project/Unicode_project/wp-content/plugins/wp-list-table-master/views/owt-table-list.php on line 0

2022-04-20T09:26:00+00:00 CRITICAL Cannot declare class OWTTableList, because the name is already in use in /official/htdocs/wordpress-project/Unicode_project/wp-content/plugins/wp-list-table-master/views/owt-table-list.php on line 0

2022-04-20T09:26:02+00:00 CRITICAL Cannot declare class OWTTableList, because the name is already in use in /official/htdocs/wordpress-project/Unicode_project/wp-content/plugins/wp-list-table-master/views/owt-table-list.php on line 0

2022-04-20T09:26:03+00:00 CRITICAL Cannot declare class OWTTableList, because the name is already in use in /official/htdocs/wordpress-project/Unicode_project/wp-content/plugins/wp-list-table-master/views/owt-table-list.php on line 0

2022-04-20T09:26:04+00:00 CRITICAL Cannot declare class OWTTableList, because the name is already in use in /official/htdocs/wordpress-project/Unicode_project/wp-content/plugins/wp-list-table-master/views/owt-table-list.php on line 0

2022-04-20T09:26:05+00:00 CRITICAL Cannot declare class OWTTableList, because the name is already in use in /official/htdocs/wordpress-project/Unicode_project/wp-content/plugins/wp-list-table-master/views/owt-table-list.php on line 0

2022-04-20T09:27:11+00:00 CRITICAL Cannot declare class OWTTableList, because the name is already in use in /official/htdocs/wordpress-project/Unicode_project/wp-content/plugins/wp-list-table-master/views/owt-table-list.php on line 0

2022-04-20T09:27:15+00:00 CRITICAL Cannot declare class OWTTableList, because the name is already in use in /official/htdocs/wordpress-project/Unicode_project/wp-content/plugins/wp-list-table-master/views/owt-table-list.php on line 0

2022-04-20T09:27:17+00:00 CRITICAL Cannot declare class OWTTableList, because the name is already in use in /official/htdocs/wordpress-project/Unicode_project/wp-content/plugins/wp-list-table-master/views/owt-table-list.php on line 0

2022-04-20T09:27:18+00:00 CRITICAL Cannot declare class OWTTableList, because the name is already in use in /official/htdocs/wordpress-project/Unicode_project/wp-content/plugins/wp-list-table-master/views/owt-table-list.php on line 0

2022-04-20T09:27:19+00:00 CRITICAL Cannot declare class OWTTableList, because the name is already in use in /official/htdocs/wordpress-project/Unicode_project/wp-content/plugins/wp-list-table-master/views/owt-table-list.php on line 0

2022-04-20T09:27:19+00:00 CRITICAL Cannot declare class OWTTableList, because the name is already in use in /official/htdocs/wordpress-project/Unicode_project/wp-content/plugins/wp-list-table-master/views/owt-table-list.php on line 0

2022-04-20T09:27:40+00:00 CRITICAL Cannot declare class OWTTableList, because the name is already in use in /official/htdocs/wordpress-project/Unicode_project/wp-content/plugins/wp-list-table-master/views/owt-table-list.php on line 0

2022-04-20T09:27:44+00:00 CRITICAL Cannot declare class OWTTableList, because the name is already in use in /official/htdocs/wordpress-project/Unicode_project/wp-content/plugins/wp-list-table-master/views/owt-table-list.php on line 0

2022-04-20T09:28:18+00:00 CRITICAL Cannot declare class OWTTableList, because the name is already in use in /official/htdocs/wordpress-project/Unicode_project/wp-content/plugins/wp-list-table-master/views/owt-table-list.php on line 0

2022-04-20T09:28:22+00:00 CRITICAL Cannot declare class OWTTableList, because the name is already in use in /official/htdocs/wordpress-project/Unicode_project/wp-content/plugins/wp-list-table-master/views/owt-table-list.php on line 0

2022-04-20T09:28:23+00:00 CRITICAL Cannot declare class OWTTableList, because the name is already in use in /official/htdocs/wordpress-project/Unicode_project/wp-content/plugins/wp-list-table-master/views/owt-table-list.php on line 0

2022-04-20T09:28:24+00:00 CRITICAL Cannot declare class OWTTableList, because the name is already in use in /official/htdocs/wordpress-project/Unicode_project/wp-content/plugins/wp-list-table-master/views/owt-table-list.php on line 0

2022-04-20T09:28:24+00:00 CRITICAL Cannot declare class OWTTableList, because the name is already in use in /official/htdocs/wordpress-project/Unicode_project/wp-content/plugins/wp-list-table-master/views/owt-table-list.php on line 0

2022-04-20T09:28:25+00:00 CRITICAL Cannot declare class OWTTableList, because the name is already in use in /official/htdocs/wordpress-project/Unicode_project/wp-content/plugins/wp-list-table-master/views/owt-table-list.php on line 0

2022-04-20T09:28:26+00:00 CRITICAL Cannot declare class OWTTableList, because the name is already in use in /official/htdocs/wordpress-project/Unicode_project/wp-content/plugins/wp-list-table-master/views/owt-table-list.php on line 0

2022-04-20T09:28:26+00:00 CRITICAL Cannot declare class OWTTableList, because the name is already in use in /official/htdocs/wordpress-project/Unicode_project/wp-content/plugins/wp-list-table-master/views/owt-table-list.php on line 0

2022-04-20T09:28:27+00:00 CRITICAL Cannot declare class OWTTableList, because the name is already in use in /official/htdocs/wordpress-project/Unicode_project/wp-content/plugins/wp-list-table-master/views/owt-table-list.php on line 0

2022-04-20T09:28:27+00:00 CRITICAL Cannot declare class OWTTableList, because the name is already in use in /official/htdocs/wordpress-project/Unicode_project/wp-content/plugins/wp-list-table-master/views/owt-table-list.php on line 0

2022-04-20T09:28:28+00:00 CRITICAL Cannot declare class OWTTableList, because the name is already in use in /official/htdocs/wordpress-project/Unicode_project/wp-content/plugins/wp-list-table-master/views/owt-table-list.php on line 0

2022-04-20T09:28:29+00:00 CRITICAL Cannot declare class OWTTableList, because the name is already in use in /official/htdocs/wordpress-project/Unicode_project/wp-content/plugins/wp-list-table-master/views/owt-table-list.php on line 0

2022-04-20T09:28:29+00:00 CRITICAL Cannot declare class OWTTableList, because the name is already in use in /official/htdocs/wordpress-project/Unicode_project/wp-content/plugins/wp-list-table-master/views/owt-table-list.php on line 0

2022-04-20T09:37:00+00:00 CRITICAL Cannot declare class OWTTableList, because the name is already in use in /official/htdocs/wordpress-project/Unicode_project/wp-content/plugins/wp-list-table-master/views/owt-table-list.php on line 0

2022-04-20T09:41:15+00:00 CRITICAL Uncaught Error: Cannot use object of type stdClass as array in /official/htdocs/wordpress-project/Unicode_project/wp-content/plugins/my-wp-list-table/table-data-list.php:100
Stack trace:
#0 /official/htdocs/wordpress-project/Unicode_project/wp-admin/includes/class-wp-list-table.php(1450): OWTTableList->column_default(Object(stdClass), 'id')
#1 /official/htdocs/wordpress-project/Unicode_project/wp-admin/includes/class-wp-list-table.php(1390): WP_List_Table->single_row_columns(Object(stdClass))
#2 /official/htdocs/wordpress-project/Unicode_project/wp-admin/includes/class-wp-list-table.php(1377): WP_List_Table->single_row(Object(stdClass))
#3 /official/htdocs/wordpress-project/Unicode_project/wp-admin/includes/class-wp-list-table.php(1362): WP_List_Table->display_rows()
#4 /official/htdocs/wordpress-project/Unicode_project/wp-admin/includes/class-wp-list-table.php(1289): WP_List_Table->display_rows_or_placeholder()
#5 /official/htdocs/wordpress-project/Unicode_project/wp-content/plugins/my-wp-list-table/table-da in /official/htdocs/wordpress-project/Unicode_project/wp-content/plugins/my-wp-list-table/table-data-list.php on line 100

2022-04-20T09:43:11+00:00 CRITICAL Uncaught Error: Cannot use object of type stdClass as array in /official/htdocs/wordpress-project/Unicode_project/wp-content/plugins/my-wp-list-table/table-data-list.php:101
Stack trace:
#0 /official/htdocs/wordpress-project/Unicode_project/wp-admin/includes/class-wp-list-table.php(1450): OWTTableList->column_default(Object(stdClass), 'id')
#1 /official/htdocs/wordpress-project/Unicode_project/wp-admin/includes/class-wp-list-table.php(1390): WP_List_Table->single_row_columns(Object(stdClass))
#2 /official/htdocs/wordpress-project/Unicode_project/wp-admin/includes/class-wp-list-table.php(1377): WP_List_Table->single_row(Object(stdClass))
#3 /official/htdocs/wordpress-project/Unicode_project/wp-admin/includes/class-wp-list-table.php(1362): WP_List_Table->display_rows()
#4 /official/htdocs/wordpress-project/Unicode_project/wp-admin/includes/class-wp-list-table.php(1289): WP_List_Table->display_rows_or_placeholder()
#5 /official/htdocs/wordpress-project/Unicode_project/wp-content/plugins/my-wp-list-table/table-da in /official/htdocs/wordpress-project/Unicode_project/wp-content/plugins/my-wp-list-table/table-data-list.php on line 101

2022-04-20T09:51:51+00:00 CRITICAL Cannot declare class OWTTableList, because the name is already in use in /official/htdocs/wordpress-project/Unicode_project/wp-content/plugins/wp-list-table-master/views/owt-table-list.php on line 0

2022-04-20T09:51:56+00:00 CRITICAL Cannot declare class OWTTableList, because the name is already in use in /official/htdocs/wordpress-project/Unicode_project/wp-content/plugins/wp-list-table-master/views/owt-table-list.php on line 0

2022-04-20T09:51:57+00:00 CRITICAL Cannot declare class OWTTableList, because the name is already in use in /official/htdocs/wordpress-project/Unicode_project/wp-content/plugins/wp-list-table-master/views/owt-table-list.php on line 0

2022-04-20T09:54:47+00:00 CRITICAL Cannot declare class OWTTableList, because the name is already in use in /official/htdocs/wordpress-project/Unicode_project/wp-content/plugins/wp-list-table-master/views/owt-table-list.php on line 0

2022-04-20T09:54:48+00:00 CRITICAL Cannot declare class OWTTableList, because the name is already in use in /official/htdocs/wordpress-project/Unicode_project/wp-content/plugins/wp-list-table-master/views/owt-table-list.php on line 0

2022-04-20T09:54:49+00:00 CRITICAL Cannot declare class OWTTableList, because the name is already in use in /official/htdocs/wordpress-project/Unicode_project/wp-content/plugins/wp-list-table-master/views/owt-table-list.php on line 0

2022-04-20T09:54:52+00:00 CRITICAL Cannot declare class OWTTableList, because the name is already in use in /official/htdocs/wordpress-project/Unicode_project/wp-content/plugins/wp-list-table-master/views/owt-table-list.php on line 0

2022-04-20T09:54:53+00:00 CRITICAL Cannot declare class OWTTableList, because the name is already in use in /official/htdocs/wordpress-project/Unicode_project/wp-content/plugins/wp-list-table-master/views/owt-table-list.php on line 0

2022-04-20T09:54:54+00:00 CRITICAL Cannot declare class OWTTableList, because the name is already in use in /official/htdocs/wordpress-project/Unicode_project/wp-content/plugins/wp-list-table-master/views/owt-table-list.php on line 0

2022-04-20T09:58:20+00:00 CRITICAL Uncaught ArgumentCountError: Too few arguments to function wpdb::query(), 0 passed in /official/htdocs/wordpress-project/Unicode_project/wp-content/plugins/opps_plugin/student_insert.php on line 60 and exactly 1 expected in /official/htdocs/wordpress-project/Unicode_project/wp-includes/wp-db.php:2000
Stack trace:
#0 /official/htdocs/wordpress-project/Unicode_project/wp-content/plugins/opps_plugin/student_insert.php(60): wpdb->query()
#1 /official/htdocs/wordpress-project/Unicode_project/wp-includes/class-wp-hook.php(307): student_insert('')
#2 /official/htdocs/wordpress-project/Unicode_project/wp-includes/class-wp-hook.php(331): WP_Hook->apply_filters('', Array)
#3 /official/htdocs/wordpress-project/Unicode_project/wp-includes/plugin.php(474): WP_Hook->do_action(Array)
#4 /official/htdocs/wordpress-project/Unicode_project/wp-admin/admin.php(259): do_action('toplevel_page_S...')
#5 {main}
  thrown in /official/htdocs/wordpress-project/Unicode_project/wp-includes/wp-db.php on line 2000

2022-04-20T09:58:56+00:00 CRITICAL Uncaught ArgumentCountError: Too few arguments to function wpdb::query(), 0 passed in /official/htdocs/wordpress-project/Unicode_project/wp-content/plugins/opps_plugin/student_insert.php on line 60 and exactly 1 expected in /official/htdocs/wordpress-project/Unicode_project/wp-includes/wp-db.php:2000
Stack trace:
#0 /official/htdocs/wordpress-project/Unicode_project/wp-content/plugins/opps_plugin/student_insert.php(60): wpdb->query()
#1 /official/htdocs/wordpress-project/Unicode_project/wp-includes/class-wp-hook.php(307): student_insert('')
#2 /official/htdocs/wordpress-project/Unicode_project/wp-includes/class-wp-hook.php(331): WP_Hook->apply_filters('', Array)
#3 /official/htdocs/wordpress-project/Unicode_project/wp-includes/plugin.php(474): WP_Hook->do_action(Array)
#4 /official/htdocs/wordpress-project/Unicode_project/wp-admin/admin.php(259): do_action('toplevel_page_S...')
#5 {main}
  thrown in /official/htdocs/wordpress-project/Unicode_project/wp-includes/wp-db.php on line 2000

2022-04-20T10:00:14+00:00 CRITICAL Uncaught ArgumentCountError: Too few arguments to function wpdb::query(), 0 passed in /official/htdocs/wordpress-project/Unicode_project/wp-content/plugins/opps_plugin/student_insert.php on line 60 and exactly 1 expected in /official/htdocs/wordpress-project/Unicode_project/wp-includes/wp-db.php:2000
Stack trace:
#0 /official/htdocs/wordpress-project/Unicode_project/wp-content/plugins/opps_plugin/student_insert.php(60): wpdb->query()
#1 /official/htdocs/wordpress-project/Unicode_project/wp-includes/class-wp-hook.php(307): student_insert('')
#2 /official/htdocs/wordpress-project/Unicode_project/wp-includes/class-wp-hook.php(331): WP_Hook->apply_filters('', Array)
#3 /official/htdocs/wordpress-project/Unicode_project/wp-includes/plugin.php(474): WP_Hook->do_action(Array)
#4 /official/htdocs/wordpress-project/Unicode_project/wp-admin/admin.php(259): do_action('toplevel_page_S...')
#5 {main}
  thrown in /official/htdocs/wordpress-project/Unicode_project/wp-includes/wp-db.php on line 2000

2022-04-20T10:01:02+00:00 CRITICAL Uncaught ArgumentCountError: Too few arguments to function wpdb::query(), 0 passed in /official/htdocs/wordpress-project/Unicode_project/wp-content/plugins/opps_plugin/student_insert.php on line 60 and exactly 1 expected in /official/htdocs/wordpress-project/Unicode_project/wp-includes/wp-db.php:2000
Stack trace:
#0 /official/htdocs/wordpress-project/Unicode_project/wp-content/plugins/opps_plugin/student_insert.php(60): wpdb->query()
#1 /official/htdocs/wordpress-project/Unicode_project/wp-includes/class-wp-hook.php(307): student_insert('')
#2 /official/htdocs/wordpress-project/Unicode_project/wp-includes/class-wp-hook.php(331): WP_Hook->apply_filters('', Array)
#3 /official/htdocs/wordpress-project/Unicode_project/wp-includes/plugin.php(474): WP_Hook->do_action(Array)
#4 /official/htdocs/wordpress-project/Unicode_project/wp-admin/admin.php(259): do_action('toplevel_page_S...')
#5 {main}
  thrown in /official/htdocs/wordpress-project/Unicode_project/wp-includes/wp-db.php on line 2000

2022-04-20T10:10:34+00:00 CRITICAL Uncaught ArgumentCountError: Too few arguments to function wpdb::query(), 0 passed in /official/htdocs/wordpress-project/Unicode_project/wp-content/plugins/opps_plugin/student_insert.php on line 60 and exactly 1 expected in /official/htdocs/wordpress-project/Unicode_project/wp-includes/wp-db.php:2000
Stack trace:
#0 /official/htdocs/wordpress-project/Unicode_project/wp-content/plugins/opps_plugin/student_insert.php(60): wpdb->query()
#1 /official/htdocs/wordpress-project/Unicode_project/wp-includes/class-wp-hook.php(307): student_insert('')
#2 /official/htdocs/wordpress-project/Unicode_project/wp-includes/class-wp-hook.php(331): WP_Hook->apply_filters('', Array)
#3 /official/htdocs/wordpress-project/Unicode_project/wp-includes/plugin.php(474): WP_Hook->do_action(Array)
#4 /official/htdocs/wordpress-project/Unicode_project/wp-admin/admin.php(259): do_action('toplevel_page_S...')
#5 {main}
  thrown in /official/htdocs/wordpress-project/Unicode_project/wp-includes/wp-db.php on line 2000

2022-04-20T12:16:02+00:00 CRITICAL Uncaught Error: Call to undefined function alert() in /official/htdocs/wordpress-project/Unicode_project/wp-content/plugins/my-plugin/my-plugin.php:41
Stack trace:
#0 /official/htdocs/wordpress-project/Unicode_project/wp-includes/class-wp-hook.php(307): my_custome_plugin->deactivation_plugin(false)
#1 /official/htdocs/wordpress-project/Unicode_project/wp-includes/class-wp-hook.php(331): WP_Hook->apply_filters('', Array)
#2 /official/htdocs/wordpress-project/Unicode_project/wp-includes/plugin.php(474): WP_Hook->do_action(Array)
#3 /official/htdocs/wordpress-project/Unicode_project/wp-admin/includes/plugin.php(812): do_action('deactivate_my-p...', false)
#4 /official/htdocs/wordpress-project/Unicode_project/wp-admin/plugins.php(209): deactivate_plugins('my-plugin/my-pl...', false, false)
#5 {main}
  thrown in /official/htdocs/wordpress-project/Unicode_project/wp-content/plugins/my-plugin/my-plugin.php on line 41

2022-04-20T12:17:23+00:00 CRITICAL Uncaught Error: Call to undefined function alert() in /official/htdocs/wordpress-project/Unicode_project/wp-content/plugins/my-plugin/my-plugin.php:40
Stack trace:
#0 /official/htdocs/wordpress-project/Unicode_project/wp-includes/class-wp-hook.php(307): my_custome_plugin->deactivation_plugin(false)
#1 /official/htdocs/wordpress-project/Unicode_project/wp-includes/class-wp-hook.php(331): WP_Hook->apply_filters('', Array)
#2 /official/htdocs/wordpress-project/Unicode_project/wp-includes/plugin.php(474): WP_Hook->do_action(Array)
#3 /official/htdocs/wordpress-project/Unicode_project/wp-admin/includes/plugin.php(812): do_action('deactivate_my-p...', false)
#4 /official/htdocs/wordpress-project/Unicode_project/wp-admin/plugins.php(209): deactivate_plugins('my-plugin/my-pl...', false, false)
#5 {main}
  thrown in /official/htdocs/wordpress-project/Unicode_project/wp-content/plugins/my-plugin/my-plugin.php on line 40

2022-04-20T12:59:30+00:00 CRITICAL require_once(): Failed opening required '/official/htdocs/wordpress-project/Unicode_project/wp-content/plugins/daily_study_work/arryfunction.php' (include_path='.:/usr/share/php') in /official/htdocs/wordpress-project/Unicode_project/wp-content/plugins/daily_study_work/daily_study_work.php on line 77

2022-04-20T12:59:30+00:00 CRITICAL require_once(): Failed opening required '/official/htdocs/wordpress-project/Unicode_project/wp-content/plugins/daily_study_work/arryfunction.php' (include_path='.:/usr/share/php') in /official/htdocs/wordpress-project/Unicode_project/wp-content/plugins/daily_study_work/daily_study_work.php on line 77

2022-04-20T12:59:30+00:00 CRITICAL require_once(): Failed opening required '/official/htdocs/wordpress-project/Unicode_project/wp-content/plugins/daily_study_work/arryfunction.php' (include_path='.:/usr/share/php') in /official/htdocs/wordpress-project/Unicode_project/wp-content/plugins/daily_study_work/daily_study_work.php on line 77

2022-04-20T13:09:06+00:00 CRITICAL Uncaught Error: Call to undefined function array_chunck() in /official/htdocs/wordpress-project/Unicode_project/wp-content/plugins/daily_study_work/arrayfunction.php:6
Stack trace:
#0 /official/htdocs/wordpress-project/Unicode_project/wp-includes/class-wp-hook.php(307): array_function('')
#1 /official/htdocs/wordpress-project/Unicode_project/wp-includes/class-wp-hook.php(331): WP_Hook->apply_filters('', Array)
#2 /official/htdocs/wordpress-project/Unicode_project/wp-includes/plugin.php(474): WP_Hook->do_action(Array)
#3 /official/htdocs/wordpress-project/Unicode_project/wp-admin/admin.php(259): do_action('toplevel_page_A...')
#4 {main}
  thrown in /official/htdocs/wordpress-project/Unicode_project/wp-content/plugins/daily_study_work/arrayfunction.php on line 6

