2022-04-12T06:12:49+00:00 CRITICAL syntax error, unexpected '}', expecting end of file in /official/htdocs/wordpress-project/Unicode_project/wp-content/themes/Formms/front-page.php on line 380

2022-04-12T07:01:52+00:00 CRITICAL Uncaught ArgumentCountError: Too few arguments to function get_postdata(), 0 passed in /official/htdocs/wordpress-project/Unicode_project/wp-content/themes/Formms/front-page.php on line 619 and exactly 1 expected in /official/htdocs/wordpress-project/Unicode_project/wp-includes/deprecated.php:25
Stack trace:
#0 /official/htdocs/wordpress-project/Unicode_project/wp-content/themes/Formms/front-page.php(619): get_postdata()
#1 /official/htdocs/wordpress-project/Unicode_project/wp-includes/template-loader.php(106): include('/official/htdoc...')
#2 /official/htdocs/wordpress-project/Unicode_project/wp-blog-header.php(19): require_once('/official/htdoc...')
#3 /official/htdocs/wordpress-project/Unicode_project/index.php(17): require('/official/htdoc...')
#4 {main}
  thrown in /official/htdocs/wordpress-project/Unicode_project/wp-includes/deprecated.php on line 25

2022-04-12T07:33:23+00:00 CRITICAL Object of class DateTimeImmutable could not be converted to string in /official/htdocs/wordpress-project/Unicode_project/wp-content/themes/Formms/front-page.php on line 619

2022-04-12T09:18:12+00:00 CRITICAL Uncaught Error: Call to undefined function () in /official/htdocs/wordpress-project/Unicode_project/wp-content/themes/Formms/single.php:16
Stack trace:
#0 /official/htdocs/wordpress-project/Unicode_project/wp-includes/template-loader.php(106): include()
#1 /official/htdocs/wordpress-project/Unicode_project/wp-blog-header.php(19): require_once('/official/htdoc...')
#2 /official/htdocs/wordpress-project/Unicode_project/index.php(17): require('/official/htdoc...')
#3 {main}
  thrown in /official/htdocs/wordpress-project/Unicode_project/wp-content/themes/Formms/single.php on line 16

2022-04-12T09:18:43+00:00 CRITICAL Uncaught Error: Call to undefined function () in /official/htdocs/wordpress-project/Unicode_project/wp-content/themes/Formms/single.php:16
Stack trace:
#0 /official/htdocs/wordpress-project/Unicode_project/wp-includes/template-loader.php(106): include()
#1 /official/htdocs/wordpress-project/Unicode_project/wp-blog-header.php(19): require_once('/official/htdoc...')
#2 /official/htdocs/wordpress-project/Unicode_project/index.php(17): require('/official/htdoc...')
#3 {main}
  thrown in /official/htdocs/wordpress-project/Unicode_project/wp-content/themes/Formms/single.php on line 16

