2022-04-19T08:37:55+00:00 CRITICAL Uncaught ArgumentCountError: Too few arguments to function wpdb::query(), 0 passed in /official/htdocs/wordpress-project/Unicode_project/wp-content/plugins/opps_plugin/student_insert.php on line 61 and exactly 1 expected in /official/htdocs/wordpress-project/Unicode_project/wp-includes/wp-db.php:2000
Stack trace:
#0 /official/htdocs/wordpress-project/Unicode_project/wp-content/plugins/opps_plugin/student_insert.php(61): wpdb->query()
#1 /official/htdocs/wordpress-project/Unicode_project/wp-includes/class-wp-hook.php(307): student_insert('')
#2 /official/htdocs/wordpress-project/Unicode_project/wp-includes/class-wp-hook.php(331): WP_Hook->apply_filters('', Array)
#3 /official/htdocs/wordpress-project/Unicode_project/wp-includes/plugin.php(474): WP_Hook->do_action(Array)
#4 /official/htdocs/wordpress-project/Unicode_project/wp-admin/admin.php(259): do_action('toplevel_page_S...')
#5 {main}
  thrown in /official/htdocs/wordpress-project/Unicode_project/wp-includes/wp-db.php on line 2000

2022-04-19T08:40:52+00:00 CRITICAL Uncaught ArgumentCountError: Too few arguments to function wpdb::query(), 0 passed in /official/htdocs/wordpress-project/Unicode_project/wp-content/plugins/opps_plugin/student_insert.php on line 61 and exactly 1 expected in /official/htdocs/wordpress-project/Unicode_project/wp-includes/wp-db.php:2000
Stack trace:
#0 /official/htdocs/wordpress-project/Unicode_project/wp-content/plugins/opps_plugin/student_insert.php(61): wpdb->query()
#1 /official/htdocs/wordpress-project/Unicode_project/wp-includes/class-wp-hook.php(307): student_insert('')
#2 /official/htdocs/wordpress-project/Unicode_project/wp-includes/class-wp-hook.php(331): WP_Hook->apply_filters('', Array)
#3 /official/htdocs/wordpress-project/Unicode_project/wp-includes/plugin.php(474): WP_Hook->do_action(Array)
#4 /official/htdocs/wordpress-project/Unicode_project/wp-admin/admin.php(259): do_action('toplevel_page_S...')
#5 {main}
  thrown in /official/htdocs/wordpress-project/Unicode_project/wp-includes/wp-db.php on line 2000

2022-04-19T08:42:49+00:00 CRITICAL Uncaught Error: Call to a member function insert() on null in /official/htdocs/wordpress-project/Unicode_project/wp-content/plugins/opps_plugin/student_insert.php:52
Stack trace:
#0 /official/htdocs/wordpress-project/Unicode_project/wp-includes/class-wp-hook.php(307): student_insert('')
#1 /official/htdocs/wordpress-project/Unicode_project/wp-includes/class-wp-hook.php(331): WP_Hook->apply_filters('', Array)
#2 /official/htdocs/wordpress-project/Unicode_project/wp-includes/plugin.php(474): WP_Hook->do_action(Array)
#3 /official/htdocs/wordpress-project/Unicode_project/wp-admin/admin.php(259): do_action('toplevel_page_S...')
#4 {main}
  thrown in /official/htdocs/wordpress-project/Unicode_project/wp-content/plugins/opps_plugin/student_insert.php on line 52

2022-04-19T08:43:38+00:00 CRITICAL Uncaught ArgumentCountError: Too few arguments to function wpdb::query(), 0 passed in /official/htdocs/wordpress-project/Unicode_project/wp-content/plugins/opps_plugin/student_insert.php on line 61 and exactly 1 expected in /official/htdocs/wordpress-project/Unicode_project/wp-includes/wp-db.php:2000
Stack trace:
#0 /official/htdocs/wordpress-project/Unicode_project/wp-content/plugins/opps_plugin/student_insert.php(61): wpdb->query()
#1 /official/htdocs/wordpress-project/Unicode_project/wp-includes/class-wp-hook.php(307): student_insert('')
#2 /official/htdocs/wordpress-project/Unicode_project/wp-includes/class-wp-hook.php(331): WP_Hook->apply_filters('', Array)
#3 /official/htdocs/wordpress-project/Unicode_project/wp-includes/plugin.php(474): WP_Hook->do_action(Array)
#4 /official/htdocs/wordpress-project/Unicode_project/wp-admin/admin.php(259): do_action('toplevel_page_S...')
#5 {main}
  thrown in /official/htdocs/wordpress-project/Unicode_project/wp-includes/wp-db.php on line 2000

2022-04-19T08:54:25+00:00 CRITICAL Uncaught ArgumentCountError: Too few arguments to function wpdb::query(), 0 passed in /official/htdocs/wordpress-project/Unicode_project/wp-content/plugins/opps_plugin/student_insert.php on line 60 and exactly 1 expected in /official/htdocs/wordpress-project/Unicode_project/wp-includes/wp-db.php:2000
Stack trace:
#0 /official/htdocs/wordpress-project/Unicode_project/wp-content/plugins/opps_plugin/student_insert.php(60): wpdb->query()
#1 /official/htdocs/wordpress-project/Unicode_project/wp-includes/class-wp-hook.php(307): student_insert('')
#2 /official/htdocs/wordpress-project/Unicode_project/wp-includes/class-wp-hook.php(331): WP_Hook->apply_filters('', Array)
#3 /official/htdocs/wordpress-project/Unicode_project/wp-includes/plugin.php(474): WP_Hook->do_action(Array)
#4 /official/htdocs/wordpress-project/Unicode_project/wp-admin/admin.php(259): do_action('toplevel_page_S...')
#5 {main}
  thrown in /official/htdocs/wordpress-project/Unicode_project/wp-includes/wp-db.php on line 2000

2022-04-19T08:57:59+00:00 CRITICAL Uncaught ArgumentCountError: Too few arguments to function wpdb::query(), 0 passed in /official/htdocs/wordpress-project/Unicode_project/wp-content/plugins/opps_plugin/student_insert.php on line 60 and exactly 1 expected in /official/htdocs/wordpress-project/Unicode_project/wp-includes/wp-db.php:2000
Stack trace:
#0 /official/htdocs/wordpress-project/Unicode_project/wp-content/plugins/opps_plugin/student_insert.php(60): wpdb->query()
#1 /official/htdocs/wordpress-project/Unicode_project/wp-includes/class-wp-hook.php(307): student_insert('')
#2 /official/htdocs/wordpress-project/Unicode_project/wp-includes/class-wp-hook.php(331): WP_Hook->apply_filters('', Array)
#3 /official/htdocs/wordpress-project/Unicode_project/wp-includes/plugin.php(474): WP_Hook->do_action(Array)
#4 /official/htdocs/wordpress-project/Unicode_project/wp-admin/admin.php(259): do_action('toplevel_page_S...')
#5 {main}
  thrown in /official/htdocs/wordpress-project/Unicode_project/wp-includes/wp-db.php on line 2000

2022-04-19T09:04:52+00:00 CRITICAL Uncaught ArgumentCountError: Too few arguments to function wpdb::insert(), 0 passed in /official/htdocs/wordpress-project/Unicode_project/wp-content/plugins/opps_plugin/student_insert.php on line 58 and at least 2 expected in /official/htdocs/wordpress-project/Unicode_project/wp-includes/wp-db.php:2300
Stack trace:
#0 /official/htdocs/wordpress-project/Unicode_project/wp-content/plugins/opps_plugin/student_insert.php(58): wpdb->insert()
#1 /official/htdocs/wordpress-project/Unicode_project/wp-includes/class-wp-hook.php(307): student_insert('')
#2 /official/htdocs/wordpress-project/Unicode_project/wp-includes/class-wp-hook.php(331): WP_Hook->apply_filters('', Array)
#3 /official/htdocs/wordpress-project/Unicode_project/wp-includes/plugin.php(474): WP_Hook->do_action(Array)
#4 /official/htdocs/wordpress-project/Unicode_project/wp-admin/admin.php(259): do_action('toplevel_page_S...')
#5 {main}
  thrown in /official/htdocs/wordpress-project/Unicode_project/wp-includes/wp-db.php on line 2300

